<?xml version="1.0" encoding="UTF-8"?>
<!-- Generated by org.testng.reporters.JUnitReportReporter -->
<testsuite hostname="ABP-HQ2-QA18" failures="0" tests="1" name="test.day4" time="0.000" errors="0" timestamp="2022-05-07T10:38:14 WAT" skipped="0">
  <testcase classname="test.day4" name="demo6" time="0.000"/>
  <system-out/>
</testsuite> <!-- test.day4 -->
