<?xml version="1.0" encoding="UTF-8"?>
<!-- Generated by org.testng.reporters.JUnitReportReporter -->
<testsuite hostname="ABP-HQ2-QA18" failures="0" tests="1" name="test.day1" time="0.007" errors="0" timestamp="2022-05-07T07:25:45 WAT" skipped="0">
  <testcase classname="test.day1" name="Demo" time="0.007"/>
  <system-out/>
</testsuite> <!-- test.day1 -->
